<?xml version="1.0" encoding="UTF-8"?>
<!-- Generated by org.testng.reporters.JUnitReportReporter -->
<testsuite hostname="LAPTOP-GD46SI53" failures="0" tests="10" name="com.testcases.HomePageTest" time="129.262" errors="0" timestamp="2024-09-21T10:05:18 IST" skipped="0">
  <testcase classname="com.testcases.HomePageTest" name="viewMensProduct" time="16.775"/>
  <testcase classname="com.testcases.HomePageTest" name="viewWomensProduct" time="12.598"/>
  <testcase classname="com.testcases.HomePageTest" name="viewSocks" time="16.424"/>
  <testcase classname="com.testcases.HomePageTest" name="viewSales" time="11.580"/>
  <testcase classname="com.testcases.HomePageTest" name="searchItems" time="13.940"/>
  <testcase classname="com.testcases.HomePageTest" name="viewAccount" time="14.082"/>
  <testcase classname="com.testcases.HomePageTest" name="viewCart" time="13.679"/>
  <testcase classname="com.testcases.HomePageTest" name="testValidateHomePageTitle" time="9.955"/>
  <testcase classname="com.testcases.HomePageTest" name="testValidateMensCategoryPresence" time="10.423"/>
  <testcase classname="com.testcases.HomePageTest" name="testValidateCartButtonPresence" time="9.806"/>
</testsuite> <!-- com.testcases.HomePageTest -->
