<?xml version="1.0" encoding="UTF-8"?>
<!-- Generated by org.testng.reporters.JUnitReportReporter -->
<testsuite hostname="LAPTOP-GD46SI53" failures="0" tests="4" name="com.testcases.RegisterPageTest" time="44.389" errors="0" timestamp="2024-09-21T13:11:10 IST" skipped="0">
  <testcase classname="com.testcases.RegisterPageTest" name="registerTest" time="13.073"/>
  <testcase classname="com.testcases.RegisterPageTest" name="validateRegisterFieldsTest" time="19.921"/>
  <testcase classname="com.testcases.RegisterPageTest" name="validateRegisterButtonTest" time="5.201"/>
  <testcase classname="com.testcases.RegisterPageTest" name="validateRegisterPageTitleTest" time="6.194"/>
</testsuite> <!-- com.testcases.RegisterPageTest -->
